<?xml version="1.0" encoding="UTF-8"?>
<testsuite xmlns:xsi="http://www.w3.org/2001/XMLSchema-instance" xsi:noNamespaceSchemaLocation="https://maven.apache.org/surefire/maven-surefire-plugin/xsd/surefire-test-report.xsd" name="ArchitectureTest" time="0.352" tests="28" errors="0" skipped="0" failures="0">
  <properties>
    <property name="java.specification.version" value="21"/>
    <property name="sun.cpu.isalist" value="amd64"/>
    <property name="sun.jnu.encoding" value="Cp1252"/>
    <property name="java.class.path" value="D:\java\github\api-hero\target\test-classes;D:\java\github\api-hero\target\classes;D:\java\apache-maven-3.9.1\.m2\repository\org\springframework\boot\spring-boot-starter-data-jpa\2.4.3\spring-boot-starter-data-jpa-2.4.3.jar;D:\java\apache-maven-3.9.1\.m2\repository\org\springframework\boot\spring-boot-starter-aop\2.4.3\spring-boot-starter-aop-2.4.3.jar;D:\java\apache-maven-3.9.1\.m2\repository\org\springframework\spring-aop\5.3.4\spring-aop-5.3.4.jar;D:\java\apache-maven-3.9.1\.m2\repository\org\aspectj\aspectjweaver\1.9.6\aspectjweaver-1.9.6.jar;D:\java\apache-maven-3.9.1\.m2\repository\org\springframework\boot\spring-boot-starter-jdbc\2.4.3\spring-boot-starter-jdbc-2.4.3.jar;D:\java\apache-maven-3.9.1\.m2\repository\com\zaxxer\HikariCP\3.4.5\HikariCP-3.4.5.jar;D:\java\apache-maven-3.9.1\.m2\repository\org\springframework\spring-jdbc\5.3.4\spring-jdbc-5.3.4.jar;D:\java\apache-maven-3.9.1\.m2\repository\jakarta\transaction\jakarta.transaction-api\1.3.3\jakarta.transaction-api-1.3.3.jar;D:\java\apache-maven-3.9.1\.m2\repository\jakarta\persistence\jakarta.persistence-api\2.2.3\jakarta.persistence-api-2.2.3.jar;D:\java\apache-maven-3.9.1\.m2\repository\org\hibernate\hibernate-core\5.4.28.Final\hibernate-core-5.4.28.Final.jar;D:\java\apache-maven-3.9.1\.m2\repository\org\javassist\javassist\3.27.0-GA\javassist-3.27.0-GA.jar;D:\java\apache-maven-3.9.1\.m2\repository\net\bytebuddy\byte-buddy\1.10.20\byte-buddy-1.10.20.jar;D:\java\apache-maven-3.9.1\.m2\repository\antlr\antlr\2.7.7\antlr-2.7.7.jar;D:\java\apache-maven-3.9.1\.m2\repository\org\jboss\jandex\2.2.3.Final\jandex-2.2.3.Final.jar;D:\java\apache-maven-3.9.1\.m2\repository\org\dom4j\dom4j\2.1.3\dom4j-2.1.3.jar;D:\java\apache-maven-3.9.1\.m2\repository\org\hibernate\common\hibernate-commons-annotations\5.1.2.Final\hibernate-commons-annotations-5.1.2.Final.jar;D:\java\apache-maven-3.9.1\.m2\repository\org\glassfish\jaxb\jaxb-runtime\2.3.3\jaxb-runtime-2.3.3.jar;D:\java\apache-maven-3.9.1\.m2\repository\org\glassfish\jaxb\txw2\2.3.3\txw2-2.3.3.jar;D:\java\apache-maven-3.9.1\.m2\repository\com\sun\istack\istack-commons-runtime\3.0.11\istack-commons-runtime-3.0.11.jar;D:\java\apache-maven-3.9.1\.m2\repository\com\sun\activation\jakarta.activation\1.2.2\jakarta.activation-1.2.2.jar;D:\java\apache-maven-3.9.1\.m2\repository\org\springframework\data\spring-data-jpa\2.4.5\spring-data-jpa-2.4.5.jar;D:\java\apache-maven-3.9.1\.m2\repository\org\springframework\data\spring-data-commons\2.4.5\spring-data-commons-2.4.5.jar;D:\java\apache-maven-3.9.1\.m2\repository\org\springframework\spring-orm\5.3.4\spring-orm-5.3.4.jar;D:\java\apache-maven-3.9.1\.m2\repository\org\springframework\spring-context\5.3.4\spring-context-5.3.4.jar;D:\java\apache-maven-3.9.1\.m2\repository\org\springframework\spring-tx\5.3.4\spring-tx-5.3.4.jar;D:\java\apache-maven-3.9.1\.m2\repository\org\springframework\spring-beans\5.3.4\spring-beans-5.3.4.jar;D:\java\apache-maven-3.9.1\.m2\repository\org\springframework\spring-aspects\5.3.4\spring-aspects-5.3.4.jar;D:\java\apache-maven-3.9.1\.m2\repository\org\springframework\boot\spring-boot-starter-web\2.4.3\spring-boot-starter-web-2.4.3.jar;D:\java\apache-maven-3.9.1\.m2\repository\org\springframework\boot\spring-boot-starter\2.4.3\spring-boot-starter-2.4.3.jar;D:\java\apache-maven-3.9.1\.m2\repository\org\springframework\boot\spring-boot-starter-logging\2.4.3\spring-boot-starter-logging-2.4.3.jar;D:\java\apache-maven-3.9.1\.m2\repository\ch\qos\logback\logback-classic\1.2.3\logback-classic-1.2.3.jar;D:\java\apache-maven-3.9.1\.m2\repository\ch\qos\logback\logback-core\1.2.3\logback-core-1.2.3.jar;D:\java\apache-maven-3.9.1\.m2\repository\org\apache\logging\log4j\log4j-to-slf4j\2.13.3\log4j-to-slf4j-2.13.3.jar;D:\java\apache-maven-3.9.1\.m2\repository\org\apache\logging\log4j\log4j-api\2.13.3\log4j-api-2.13.3.jar;D:\java\apache-maven-3.9.1\.m2\repository\org\slf4j\jul-to-slf4j\1.7.30\jul-to-slf4j-1.7.30.jar;D:\java\apache-maven-3.9.1\.m2\repository\jakarta\annotation\jakarta.annotation-api\1.3.5\jakarta.annotation-api-1.3.5.jar;D:\java\apache-maven-3.9.1\.m2\repository\org\yaml\snakeyaml\1.27\snakeyaml-1.27.jar;D:\java\apache-maven-3.9.1\.m2\repository\org\springframework\boot\spring-boot-starter-json\2.4.3\spring-boot-starter-json-2.4.3.jar;D:\java\apache-maven-3.9.1\.m2\repository\com\fasterxml\jackson\datatype\jackson-datatype-jdk8\2.11.4\jackson-datatype-jdk8-2.11.4.jar;D:\java\apache-maven-3.9.1\.m2\repository\com\fasterxml\jackson\datatype\jackson-datatype-jsr310\2.11.4\jackson-datatype-jsr310-2.11.4.jar;D:\java\apache-maven-3.9.1\.m2\repository\com\fasterxml\jackson\module\jackson-module-parameter-names\2.11.4\jackson-module-parameter-names-2.11.4.jar;D:\java\apache-maven-3.9.1\.m2\repository\org\springframework\boot\spring-boot-starter-tomcat\2.4.3\spring-boot-starter-tomcat-2.4.3.jar;D:\java\apache-maven-3.9.1\.m2\repository\org\apache\tomcat\embed\tomcat-embed-core\9.0.43\tomcat-embed-core-9.0.43.jar;D:\java\apache-maven-3.9.1\.m2\repository\org\glassfish\jakarta.el\3.0.3\jakarta.el-3.0.3.jar;D:\java\apache-maven-3.9.1\.m2\repository\org\apache\tomcat\embed\tomcat-embed-websocket\9.0.43\tomcat-embed-websocket-9.0.43.jar;D:\java\apache-maven-3.9.1\.m2\repository\org\springframework\spring-web\5.3.4\spring-web-5.3.4.jar;D:\java\apache-maven-3.9.1\.m2\repository\org\springframework\spring-webmvc\5.3.4\spring-webmvc-5.3.4.jar;D:\java\apache-maven-3.9.1\.m2\repository\org\springframework\spring-expression\5.3.4\spring-expression-5.3.4.jar;D:\java\apache-maven-3.9.1\.m2\repository\org\springframework\boot\spring-boot-devtools\2.4.3\spring-boot-devtools-2.4.3.jar;D:\java\apache-maven-3.9.1\.m2\repository\org\springframework\boot\spring-boot\2.4.3\spring-boot-2.4.3.jar;D:\java\apache-maven-3.9.1\.m2\repository\org\springframework\boot\spring-boot-autoconfigure\2.4.3\spring-boot-autoconfigure-2.4.3.jar;D:\java\apache-maven-3.9.1\.m2\repository\com\h2database\h2\1.4.200\h2-1.4.200.jar;D:\java\apache-maven-3.9.1\.m2\repository\org\apache\johnzon\johnzon-core\1.2.10\johnzon-core-1.2.10.jar;D:\java\apache-maven-3.9.1\.m2\repository\javax\json\javax.json-api\1.1.4\javax.json-api-1.1.4.jar;D:\java\apache-maven-3.9.1\.m2\repository\com\fasterxml\jackson\datatype\jackson-datatype-jsr353\2.11.4\jackson-datatype-jsr353-2.11.4.jar;D:\java\apache-maven-3.9.1\.m2\repository\com\fasterxml\jackson\core\jackson-core\2.11.4\jackson-core-2.11.4.jar;D:\java\apache-maven-3.9.1\.m2\repository\com\fasterxml\jackson\core\jackson-databind\2.11.4\jackson-databind-2.11.4.jar;D:\java\apache-maven-3.9.1\.m2\repository\com\fasterxml\jackson\core\jackson-annotations\2.11.4\jackson-annotations-2.11.4.jar;D:\java\apache-maven-3.9.1\.m2\repository\org\hibernate\validator\hibernate-validator\6.1.7.Final\hibernate-validator-6.1.7.Final.jar;D:\java\apache-maven-3.9.1\.m2\repository\jakarta\validation\jakarta.validation-api\2.0.2\jakarta.validation-api-2.0.2.jar;D:\java\apache-maven-3.9.1\.m2\repository\org\jboss\logging\jboss-logging\3.4.1.Final\jboss-logging-3.4.1.Final.jar;D:\java\apache-maven-3.9.1\.m2\repository\com\fasterxml\classmate\1.5.1\classmate-1.5.1.jar;D:\java\apache-maven-3.9.1\.m2\repository\com\tngtech\archunit\archunit-junit5-engine\0.14.1\archunit-junit5-engine-0.14.1.jar;D:\java\apache-maven-3.9.1\.m2\repository\com\tngtech\archunit\archunit-junit5-engine-api\0.14.1\archunit-junit5-engine-api-0.14.1.jar;D:\java\apache-maven-3.9.1\.m2\repository\org\junit\platform\junit-platform-engine\1.7.1\junit-platform-engine-1.7.1.jar;D:\java\apache-maven-3.9.1\.m2\repository\org\apiguardian\apiguardian-api\1.1.0\apiguardian-api-1.1.0.jar;D:\java\apache-maven-3.9.1\.m2\repository\org\opentest4j\opentest4j\1.2.0\opentest4j-1.2.0.jar;D:\java\apache-maven-3.9.1\.m2\repository\org\junit\platform\junit-platform-commons\1.7.1\junit-platform-commons-1.7.1.jar;D:\java\apache-maven-3.9.1\.m2\repository\com\tngtech\archunit\archunit-junit5-api\0.14.1\archunit-junit5-api-0.14.1.jar;D:\java\apache-maven-3.9.1\.m2\repository\com\tngtech\archunit\archunit\0.14.1\archunit-0.14.1.jar;D:\java\apache-maven-3.9.1\.m2\repository\org\slf4j\slf4j-api\1.7.30\slf4j-api-1.7.30.jar;D:\java\apache-maven-3.9.1\.m2\repository\org\springframework\boot\spring-boot-starter-test\2.4.3\spring-boot-starter-test-2.4.3.jar;D:\java\apache-maven-3.9.1\.m2\repository\org\springframework\boot\spring-boot-test\2.4.3\spring-boot-test-2.4.3.jar;D:\java\apache-maven-3.9.1\.m2\repository\org\springframework\boot\spring-boot-test-autoconfigure\2.4.3\spring-boot-test-autoconfigure-2.4.3.jar;D:\java\apache-maven-3.9.1\.m2\repository\com\jayway\jsonpath\json-path\2.4.0\json-path-2.4.0.jar;D:\java\apache-maven-3.9.1\.m2\repository\net\minidev\json-smart\2.3\json-smart-2.3.jar;D:\java\apache-maven-3.9.1\.m2\repository\net\minidev\accessors-smart\1.2\accessors-smart-1.2.jar;D:\java\apache-maven-3.9.1\.m2\repository\org\ow2\asm\asm\5.0.4\asm-5.0.4.jar;D:\java\apache-maven-3.9.1\.m2\repository\jakarta\xml\bind\jakarta.xml.bind-api\2.3.3\jakarta.xml.bind-api-2.3.3.jar;D:\java\apache-maven-3.9.1\.m2\repository\jakarta\activation\jakarta.activation-api\1.2.2\jakarta.activation-api-1.2.2.jar;D:\java\apache-maven-3.9.1\.m2\repository\org\assertj\assertj-core\3.18.1\assertj-core-3.18.1.jar;D:\java\apache-maven-3.9.1\.m2\repository\org\hamcrest\hamcrest\2.2\hamcrest-2.2.jar;D:\java\apache-maven-3.9.1\.m2\repository\org\junit\jupiter\junit-jupiter\5.7.1\junit-jupiter-5.7.1.jar;D:\java\apache-maven-3.9.1\.m2\repository\org\junit\jupiter\junit-jupiter-api\5.7.1\junit-jupiter-api-5.7.1.jar;D:\java\apache-maven-3.9.1\.m2\repository\org\junit\jupiter\junit-jupiter-params\5.7.1\junit-jupiter-params-5.7.1.jar;D:\java\apache-maven-3.9.1\.m2\repository\org\junit\jupiter\junit-jupiter-engine\5.7.1\junit-jupiter-engine-5.7.1.jar;D:\java\apache-maven-3.9.1\.m2\repository\org\mockito\mockito-core\3.6.28\mockito-core-3.6.28.jar;D:\java\apache-maven-3.9.1\.m2\repository\net\bytebuddy\byte-buddy-agent\1.10.20\byte-buddy-agent-1.10.20.jar;D:\java\apache-maven-3.9.1\.m2\repository\org\objenesis\objenesis\3.1\objenesis-3.1.jar;D:\java\apache-maven-3.9.1\.m2\repository\org\mockito\mockito-junit-jupiter\3.6.28\mockito-junit-jupiter-3.6.28.jar;D:\java\apache-maven-3.9.1\.m2\repository\org\skyscreamer\jsonassert\1.5.0\jsonassert-1.5.0.jar;D:\java\apache-maven-3.9.1\.m2\repository\com\vaadin\external\google\android-json\0.0.20131108.vaadin1\android-json-0.0.20131108.vaadin1.jar;D:\java\apache-maven-3.9.1\.m2\repository\org\springframework\spring-core\5.3.4\spring-core-5.3.4.jar;D:\java\apache-maven-3.9.1\.m2\repository\org\springframework\spring-jcl\5.3.4\spring-jcl-5.3.4.jar;D:\java\apache-maven-3.9.1\.m2\repository\org\springframework\spring-test\5.3.4\spring-test-5.3.4.jar;D:\java\apache-maven-3.9.1\.m2\repository\org\xmlunit\xmlunit-core\2.7.0\xmlunit-core-2.7.0.jar;D:\java\apache-maven-3.9.1\.m2\repository\org\testcontainers\postgresql\1.19.0\postgresql-1.19.0.jar;D:\java\apache-maven-3.9.1\.m2\repository\org\testcontainers\jdbc\1.19.0\jdbc-1.19.0.jar;D:\java\apache-maven-3.9.1\.m2\repository\org\testcontainers\database-commons\1.19.0\database-commons-1.19.0.jar;D:\java\apache-maven-3.9.1\.m2\repository\org\testcontainers\junit-jupiter\1.19.0\junit-jupiter-1.19.0.jar;D:\java\apache-maven-3.9.1\.m2\repository\org\testcontainers\testcontainers\1.19.0\testcontainers-1.19.0.jar;D:\java\apache-maven-3.9.1\.m2\repository\junit\junit\4.13.2\junit-4.13.2.jar;D:\java\apache-maven-3.9.1\.m2\repository\org\hamcrest\hamcrest-core\2.2\hamcrest-core-2.2.jar;D:\java\apache-maven-3.9.1\.m2\repository\org\apache\commons\commons-compress\1.23.0\commons-compress-1.23.0.jar;D:\java\apache-maven-3.9.1\.m2\repository\org\rnorth\duct-tape\duct-tape\1.0.8\duct-tape-1.0.8.jar;D:\java\apache-maven-3.9.1\.m2\repository\org\jetbrains\annotations\17.0.0\annotations-17.0.0.jar;D:\java\apache-maven-3.9.1\.m2\repository\com\github\docker-java\docker-java-api\3.3.3\docker-java-api-3.3.3.jar;D:\java\apache-maven-3.9.1\.m2\repository\com\github\docker-java\docker-java-transport-zerodep\3.3.3\docker-java-transport-zerodep-3.3.3.jar;D:\java\apache-maven-3.9.1\.m2\repository\com\github\docker-java\docker-java-transport\3.3.3\docker-java-transport-3.3.3.jar;D:\java\apache-maven-3.9.1\.m2\repository\net\java\dev\jna\jna\5.12.1\jna-5.12.1.jar;"/>
    <property name="java.vm.vendor" value="Oracle Corporation"/>
    <property name="sun.arch.data.model" value="64"/>
    <property name="user.variant" value=""/>
    <property name="java.vendor.url" value="https://java.oracle.com/"/>
    <property name="user.timezone" value="America/Sao_Paulo"/>
    <property name="os.name" value="Windows 11"/>
    <property name="java.vm.specification.version" value="21"/>
    <property name="sun.java.launcher" value="SUN_STANDARD"/>
    <property name="user.country" value="BR"/>
    <property name="sun.boot.library.path" value="D:\java\graalvm-jdk-21+35.1\bin"/>
    <property name="sun.java.command" value="C:\Users\Pedro\AppData\Local\Temp\surefire17724186506625598582\surefirebooter6225916706376264381.jar C:\Users\Pedro\AppData\Local\Temp\surefire17724186506625598582 2023-10-22T15-00-24_327-jvmRun1 surefire3680084915444208007tmp surefire_014630944642327035879tmp"/>
    <property name="jdk.debug" value="release"/>
    <property name="surefire.test.class.path" value="D:\java\github\api-hero\target\test-classes;D:\java\github\api-hero\target\classes;D:\java\apache-maven-3.9.1\.m2\repository\org\springframework\boot\spring-boot-starter-data-jpa\2.4.3\spring-boot-starter-data-jpa-2.4.3.jar;D:\java\apache-maven-3.9.1\.m2\repository\org\springframework\boot\spring-boot-starter-aop\2.4.3\spring-boot-starter-aop-2.4.3.jar;D:\java\apache-maven-3.9.1\.m2\repository\org\springframework\spring-aop\5.3.4\spring-aop-5.3.4.jar;D:\java\apache-maven-3.9.1\.m2\repository\org\aspectj\aspectjweaver\1.9.6\aspectjweaver-1.9.6.jar;D:\java\apache-maven-3.9.1\.m2\repository\org\springframework\boot\spring-boot-starter-jdbc\2.4.3\spring-boot-starter-jdbc-2.4.3.jar;D:\java\apache-maven-3.9.1\.m2\repository\com\zaxxer\HikariCP\3.4.5\HikariCP-3.4.5.jar;D:\java\apache-maven-3.9.1\.m2\repository\org\springframework\spring-jdbc\5.3.4\spring-jdbc-5.3.4.jar;D:\java\apache-maven-3.9.1\.m2\repository\jakarta\transaction\jakarta.transaction-api\1.3.3\jakarta.transaction-api-1.3.3.jar;D:\java\apache-maven-3.9.1\.m2\repository\jakarta\persistence\jakarta.persistence-api\2.2.3\jakarta.persistence-api-2.2.3.jar;D:\java\apache-maven-3.9.1\.m2\repository\org\hibernate\hibernate-core\5.4.28.Final\hibernate-core-5.4.28.Final.jar;D:\java\apache-maven-3.9.1\.m2\repository\org\javassist\javassist\3.27.0-GA\javassist-3.27.0-GA.jar;D:\java\apache-maven-3.9.1\.m2\repository\net\bytebuddy\byte-buddy\1.10.20\byte-buddy-1.10.20.jar;D:\java\apache-maven-3.9.1\.m2\repository\antlr\antlr\2.7.7\antlr-2.7.7.jar;D:\java\apache-maven-3.9.1\.m2\repository\org\jboss\jandex\2.2.3.Final\jandex-2.2.3.Final.jar;D:\java\apache-maven-3.9.1\.m2\repository\org\dom4j\dom4j\2.1.3\dom4j-2.1.3.jar;D:\java\apache-maven-3.9.1\.m2\repository\org\hibernate\common\hibernate-commons-annotations\5.1.2.Final\hibernate-commons-annotations-5.1.2.Final.jar;D:\java\apache-maven-3.9.1\.m2\repository\org\glassfish\jaxb\jaxb-runtime\2.3.3\jaxb-runtime-2.3.3.jar;D:\java\apache-maven-3.9.1\.m2\repository\org\glassfish\jaxb\txw2\2.3.3\txw2-2.3.3.jar;D:\java\apache-maven-3.9.1\.m2\repository\com\sun\istack\istack-commons-runtime\3.0.11\istack-commons-runtime-3.0.11.jar;D:\java\apache-maven-3.9.1\.m2\repository\com\sun\activation\jakarta.activation\1.2.2\jakarta.activation-1.2.2.jar;D:\java\apache-maven-3.9.1\.m2\repository\org\springframework\data\spring-data-jpa\2.4.5\spring-data-jpa-2.4.5.jar;D:\java\apache-maven-3.9.1\.m2\repository\org\springframework\data\spring-data-commons\2.4.5\spring-data-commons-2.4.5.jar;D:\java\apache-maven-3.9.1\.m2\repository\org\springframework\spring-orm\5.3.4\spring-orm-5.3.4.jar;D:\java\apache-maven-3.9.1\.m2\repository\org\springframework\spring-context\5.3.4\spring-context-5.3.4.jar;D:\java\apache-maven-3.9.1\.m2\repository\org\springframework\spring-tx\5.3.4\spring-tx-5.3.4.jar;D:\java\apache-maven-3.9.1\.m2\repository\org\springframework\spring-beans\5.3.4\spring-beans-5.3.4.jar;D:\java\apache-maven-3.9.1\.m2\repository\org\springframework\spring-aspects\5.3.4\spring-aspects-5.3.4.jar;D:\java\apache-maven-3.9.1\.m2\repository\org\springframework\boot\spring-boot-starter-web\2.4.3\spring-boot-starter-web-2.4.3.jar;D:\java\apache-maven-3.9.1\.m2\repository\org\springframework\boot\spring-boot-starter\2.4.3\spring-boot-starter-2.4.3.jar;D:\java\apache-maven-3.9.1\.m2\repository\org\springframework\boot\spring-boot-starter-logging\2.4.3\spring-boot-starter-logging-2.4.3.jar;D:\java\apache-maven-3.9.1\.m2\repository\ch\qos\logback\logback-classic\1.2.3\logback-classic-1.2.3.jar;D:\java\apache-maven-3.9.1\.m2\repository\ch\qos\logback\logback-core\1.2.3\logback-core-1.2.3.jar;D:\java\apache-maven-3.9.1\.m2\repository\org\apache\logging\log4j\log4j-to-slf4j\2.13.3\log4j-to-slf4j-2.13.3.jar;D:\java\apache-maven-3.9.1\.m2\repository\org\apache\logging\log4j\log4j-api\2.13.3\log4j-api-2.13.3.jar;D:\java\apache-maven-3.9.1\.m2\repository\org\slf4j\jul-to-slf4j\1.7.30\jul-to-slf4j-1.7.30.jar;D:\java\apache-maven-3.9.1\.m2\repository\jakarta\annotation\jakarta.annotation-api\1.3.5\jakarta.annotation-api-1.3.5.jar;D:\java\apache-maven-3.9.1\.m2\repository\org\yaml\snakeyaml\1.27\snakeyaml-1.27.jar;D:\java\apache-maven-3.9.1\.m2\repository\org\springframework\boot\spring-boot-starter-json\2.4.3\spring-boot-starter-json-2.4.3.jar;D:\java\apache-maven-3.9.1\.m2\repository\com\fasterxml\jackson\datatype\jackson-datatype-jdk8\2.11.4\jackson-datatype-jdk8-2.11.4.jar;D:\java\apache-maven-3.9.1\.m2\repository\com\fasterxml\jackson\datatype\jackson-datatype-jsr310\2.11.4\jackson-datatype-jsr310-2.11.4.jar;D:\java\apache-maven-3.9.1\.m2\repository\com\fasterxml\jackson\module\jackson-module-parameter-names\2.11.4\jackson-module-parameter-names-2.11.4.jar;D:\java\apache-maven-3.9.1\.m2\repository\org\springframework\boot\spring-boot-starter-tomcat\2.4.3\spring-boot-starter-tomcat-2.4.3.jar;D:\java\apache-maven-3.9.1\.m2\repository\org\apache\tomcat\embed\tomcat-embed-core\9.0.43\tomcat-embed-core-9.0.43.jar;D:\java\apache-maven-3.9.1\.m2\repository\org\glassfish\jakarta.el\3.0.3\jakarta.el-3.0.3.jar;D:\java\apache-maven-3.9.1\.m2\repository\org\apache\tomcat\embed\tomcat-embed-websocket\9.0.43\tomcat-embed-websocket-9.0.43.jar;D:\java\apache-maven-3.9.1\.m2\repository\org\springframework\spring-web\5.3.4\spring-web-5.3.4.jar;D:\java\apache-maven-3.9.1\.m2\repository\org\springframework\spring-webmvc\5.3.4\spring-webmvc-5.3.4.jar;D:\java\apache-maven-3.9.1\.m2\repository\org\springframework\spring-expression\5.3.4\spring-expression-5.3.4.jar;D:\java\apache-maven-3.9.1\.m2\repository\org\springframework\boot\spring-boot-devtools\2.4.3\spring-boot-devtools-2.4.3.jar;D:\java\apache-maven-3.9.1\.m2\repository\org\springframework\boot\spring-boot\2.4.3\spring-boot-2.4.3.jar;D:\java\apache-maven-3.9.1\.m2\repository\org\springframework\boot\spring-boot-autoconfigure\2.4.3\spring-boot-autoconfigure-2.4.3.jar;D:\java\apache-maven-3.9.1\.m2\repository\com\h2database\h2\1.4.200\h2-1.4.200.jar;D:\java\apache-maven-3.9.1\.m2\repository\org\apache\johnzon\johnzon-core\1.2.10\johnzon-core-1.2.10.jar;D:\java\apache-maven-3.9.1\.m2\repository\javax\json\javax.json-api\1.1.4\javax.json-api-1.1.4.jar;D:\java\apache-maven-3.9.1\.m2\repository\com\fasterxml\jackson\datatype\jackson-datatype-jsr353\2.11.4\jackson-datatype-jsr353-2.11.4.jar;D:\java\apache-maven-3.9.1\.m2\repository\com\fasterxml\jackson\core\jackson-core\2.11.4\jackson-core-2.11.4.jar;D:\java\apache-maven-3.9.1\.m2\repository\com\fasterxml\jackson\core\jackson-databind\2.11.4\jackson-databind-2.11.4.jar;D:\java\apache-maven-3.9.1\.m2\repository\com\fasterxml\jackson\core\jackson-annotations\2.11.4\jackson-annotations-2.11.4.jar;D:\java\apache-maven-3.9.1\.m2\repository\org\hibernate\validator\hibernate-validator\6.1.7.Final\hibernate-validator-6.1.7.Final.jar;D:\java\apache-maven-3.9.1\.m2\repository\jakarta\validation\jakarta.validation-api\2.0.2\jakarta.validation-api-2.0.2.jar;D:\java\apache-maven-3.9.1\.m2\repository\org\jboss\logging\jboss-logging\3.4.1.Final\jboss-logging-3.4.1.Final.jar;D:\java\apache-maven-3.9.1\.m2\repository\com\fasterxml\classmate\1.5.1\classmate-1.5.1.jar;D:\java\apache-maven-3.9.1\.m2\repository\com\tngtech\archunit\archunit-junit5-engine\0.14.1\archunit-junit5-engine-0.14.1.jar;D:\java\apache-maven-3.9.1\.m2\repository\com\tngtech\archunit\archunit-junit5-engine-api\0.14.1\archunit-junit5-engine-api-0.14.1.jar;D:\java\apache-maven-3.9.1\.m2\repository\org\junit\platform\junit-platform-engine\1.7.1\junit-platform-engine-1.7.1.jar;D:\java\apache-maven-3.9.1\.m2\repository\org\apiguardian\apiguardian-api\1.1.0\apiguardian-api-1.1.0.jar;D:\java\apache-maven-3.9.1\.m2\repository\org\opentest4j\opentest4j\1.2.0\opentest4j-1.2.0.jar;D:\java\apache-maven-3.9.1\.m2\repository\org\junit\platform\junit-platform-commons\1.7.1\junit-platform-commons-1.7.1.jar;D:\java\apache-maven-3.9.1\.m2\repository\com\tngtech\archunit\archunit-junit5-api\0.14.1\archunit-junit5-api-0.14.1.jar;D:\java\apache-maven-3.9.1\.m2\repository\com\tngtech\archunit\archunit\0.14.1\archunit-0.14.1.jar;D:\java\apache-maven-3.9.1\.m2\repository\org\slf4j\slf4j-api\1.7.30\slf4j-api-1.7.30.jar;D:\java\apache-maven-3.9.1\.m2\repository\org\springframework\boot\spring-boot-starter-test\2.4.3\spring-boot-starter-test-2.4.3.jar;D:\java\apache-maven-3.9.1\.m2\repository\org\springframework\boot\spring-boot-test\2.4.3\spring-boot-test-2.4.3.jar;D:\java\apache-maven-3.9.1\.m2\repository\org\springframework\boot\spring-boot-test-autoconfigure\2.4.3\spring-boot-test-autoconfigure-2.4.3.jar;D:\java\apache-maven-3.9.1\.m2\repository\com\jayway\jsonpath\json-path\2.4.0\json-path-2.4.0.jar;D:\java\apache-maven-3.9.1\.m2\repository\net\minidev\json-smart\2.3\json-smart-2.3.jar;D:\java\apache-maven-3.9.1\.m2\repository\net\minidev\accessors-smart\1.2\accessors-smart-1.2.jar;D:\java\apache-maven-3.9.1\.m2\repository\org\ow2\asm\asm\5.0.4\asm-5.0.4.jar;D:\java\apache-maven-3.9.1\.m2\repository\jakarta\xml\bind\jakarta.xml.bind-api\2.3.3\jakarta.xml.bind-api-2.3.3.jar;D:\java\apache-maven-3.9.1\.m2\repository\jakarta\activation\jakarta.activation-api\1.2.2\jakarta.activation-api-1.2.2.jar;D:\java\apache-maven-3.9.1\.m2\repository\org\assertj\assertj-core\3.18.1\assertj-core-3.18.1.jar;D:\java\apache-maven-3.9.1\.m2\repository\org\hamcrest\hamcrest\2.2\hamcrest-2.2.jar;D:\java\apache-maven-3.9.1\.m2\repository\org\junit\jupiter\junit-jupiter\5.7.1\junit-jupiter-5.7.1.jar;D:\java\apache-maven-3.9.1\.m2\repository\org\junit\jupiter\junit-jupiter-api\5.7.1\junit-jupiter-api-5.7.1.jar;D:\java\apache-maven-3.9.1\.m2\repository\org\junit\jupiter\junit-jupiter-params\5.7.1\junit-jupiter-params-5.7.1.jar;D:\java\apache-maven-3.9.1\.m2\repository\org\junit\jupiter\junit-jupiter-engine\5.7.1\junit-jupiter-engine-5.7.1.jar;D:\java\apache-maven-3.9.1\.m2\repository\org\mockito\mockito-core\3.6.28\mockito-core-3.6.28.jar;D:\java\apache-maven-3.9.1\.m2\repository\net\bytebuddy\byte-buddy-agent\1.10.20\byte-buddy-agent-1.10.20.jar;D:\java\apache-maven-3.9.1\.m2\repository\org\objenesis\objenesis\3.1\objenesis-3.1.jar;D:\java\apache-maven-3.9.1\.m2\repository\org\mockito\mockito-junit-jupiter\3.6.28\mockito-junit-jupiter-3.6.28.jar;D:\java\apache-maven-3.9.1\.m2\repository\org\skyscreamer\jsonassert\1.5.0\jsonassert-1.5.0.jar;D:\java\apache-maven-3.9.1\.m2\repository\com\vaadin\external\google\android-json\0.0.20131108.vaadin1\android-json-0.0.20131108.vaadin1.jar;D:\java\apache-maven-3.9.1\.m2\repository\org\springframework\spring-core\5.3.4\spring-core-5.3.4.jar;D:\java\apache-maven-3.9.1\.m2\repository\org\springframework\spring-jcl\5.3.4\spring-jcl-5.3.4.jar;D:\java\apache-maven-3.9.1\.m2\repository\org\springframework\spring-test\5.3.4\spring-test-5.3.4.jar;D:\java\apache-maven-3.9.1\.m2\repository\org\xmlunit\xmlunit-core\2.7.0\xmlunit-core-2.7.0.jar;D:\java\apache-maven-3.9.1\.m2\repository\org\testcontainers\postgresql\1.19.0\postgresql-1.19.0.jar;D:\java\apache-maven-3.9.1\.m2\repository\org\testcontainers\jdbc\1.19.0\jdbc-1.19.0.jar;D:\java\apache-maven-3.9.1\.m2\repository\org\testcontainers\database-commons\1.19.0\database-commons-1.19.0.jar;D:\java\apache-maven-3.9.1\.m2\repository\org\testcontainers\junit-jupiter\1.19.0\junit-jupiter-1.19.0.jar;D:\java\apache-maven-3.9.1\.m2\repository\org\testcontainers\testcontainers\1.19.0\testcontainers-1.19.0.jar;D:\java\apache-maven-3.9.1\.m2\repository\junit\junit\4.13.2\junit-4.13.2.jar;D:\java\apache-maven-3.9.1\.m2\repository\org\hamcrest\hamcrest-core\2.2\hamcrest-core-2.2.jar;D:\java\apache-maven-3.9.1\.m2\repository\org\apache\commons\commons-compress\1.23.0\commons-compress-1.23.0.jar;D:\java\apache-maven-3.9.1\.m2\repository\org\rnorth\duct-tape\duct-tape\1.0.8\duct-tape-1.0.8.jar;D:\java\apache-maven-3.9.1\.m2\repository\org\jetbrains\annotations\17.0.0\annotations-17.0.0.jar;D:\java\apache-maven-3.9.1\.m2\repository\com\github\docker-java\docker-java-api\3.3.3\docker-java-api-3.3.3.jar;D:\java\apache-maven-3.9.1\.m2\repository\com\github\docker-java\docker-java-transport-zerodep\3.3.3\docker-java-transport-zerodep-3.3.3.jar;D:\java\apache-maven-3.9.1\.m2\repository\com\github\docker-java\docker-java-transport\3.3.3\docker-java-transport-3.3.3.jar;D:\java\apache-maven-3.9.1\.m2\repository\net\java\dev\jna\jna\5.12.1\jna-5.12.1.jar;"/>
    <property name="sun.cpu.endian" value="little"/>
    <property name="user.home" value="C:\Users\Pedro"/>
    <property name="user.language" value="pt"/>
    <property name="java.specification.vendor" value="Oracle Corporation"/>
    <property name="java.version.date" value="2023-09-19"/>
    <property name="java.home" value="D:\java\graalvm-jdk-21+35.1"/>
    <property name="file.separator" value="\"/>
    <property name="basedir" value="D:\java\github\api-hero"/>
    <property name="java.vm.compressedOopsMode" value="Zero based"/>
    <property name="jdk.internal.vm.ci.enabled" value="true"/>
    <property name="line.separator" value="&#10;"/>
    <property name="java.vm.specification.vendor" value="Oracle Corporation"/>
    <property name="java.specification.name" value="Java Platform API Specification"/>
    <property name="surefire.real.class.path" value="C:\Users\Pedro\AppData\Local\Temp\surefire17724186506625598582\surefirebooter6225916706376264381.jar"/>
    <property name="user.script" value=""/>
    <property name="sun.management.compiler" value="HotSpot 64-Bit Tiered Compilers"/>
    <property name="java.runtime.version" value="21+35-jvmci-23.1-b15"/>
    <property name="user.name" value="Pedro"/>
    <property name="stdout.encoding" value="Cp1252"/>
    <property name="path.separator" value=";"/>
    <property name="os.version" value="10.0"/>
    <property name="java.runtime.name" value="Java(TM) SE Runtime Environment"/>
    <property name="file.encoding" value="UTF-8"/>
    <property name="java.vm.name" value="Java HotSpot(TM) 64-Bit Server VM"/>
    <property name="java.vendor.version" value="Oracle GraalVM 21+35.1"/>
    <property name="localRepository" value="D:\java\apache-maven-3.9.1\.m2\repository"/>
    <property name="java.vendor.url.bug" value="https://bugreport.java.com/bugreport/"/>
    <property name="java.io.tmpdir" value="C:\Users\Pedro\AppData\Local\Temp\"/>
    <property name="java.version" value="21"/>
    <property name="user.dir" value="D:\java\github\api-hero"/>
    <property name="os.arch" value="amd64"/>
    <property name="java.vm.specification.name" value="Java Virtual Machine Specification"/>
    <property name="sun.os.patch.level" value=""/>
    <property name="native.encoding" value="Cp1252"/>
    <property name="java.library.path" value="D:\java\graalvm-jdk-21+35.1\bin;C:\WINDOWS\Sun\Java\bin;C:\WINDOWS\system32;C:\WINDOWS;C:\WINDOWS\system32;C:\WINDOWS;C:\WINDOWS\System32\Wbem;C:\WINDOWS\System32\WindowsPowerShell\v1.0\;C:\Program Files\7-Zip;C:\ProgramData\chocolatey\bin;D:\tools\node-v19.8.1-win-x64;D:\Java\apache-maven-3.9.1\\bin;C:\Program Files (x86)\GNU\GnuPG\pub;C:\Program Files (x86)\NVIDIA Corporation\PhysX\Common;C:\Program Files (x86)\Yarn\bin\;D:\java\graalvm-jdk-21+35.1\\bin;C:\WINDOWS\system32;C:\WINDOWS;C:\WINDOWS\System32\Wbem;C:\WINDOWS\System32\WindowsPowerShell\v1.0\;C:\WINDOWS\System32\OpenSSH\;C:\Program Files\Microsoft VS Code\bin;C:\Program Files\GitHub CLI\;D:\Git\cmd;D:\java\apache-ant-1.9.16\bin;;C:\Program Files\Docker\Docker\resources\bin;C:\Users\Pedro\.cargo\bin;C:\Users\Pedro\bin;D:\Git\mingw64\bin;D:\Git\usr\local\bin;D:\Git\usr\bin;C:\WINDOWS\system32;C:\WINDOWS;C:\WINDOWS\System32\Wbem;C:\WINDOWS\System32\WindowsPowerShell\v1.0;C:\WINDOWS\System32\OpenSSH;C:\Program Files\7-Zip;C:\ProgramData\chocolatey\bin;D:\tools\node-v14.9.0-win-x64;D:\Git\cmd;D:\Java\apache-maven-3.6.3\bin;C:\Program Files (x86)\Yarn\bin;C:\Program Files (x86)\GNU\GnuPG\pub;C:\Program Files (x86)\Bitvise SSH Client;C:\Program Files (x86)\NVIDIA Corporation\PhysX\Common;C:\Program Files\Docker\Docker\resources\bin;C:\ProgramData\DockerDesktop\version-bin;D:\Python\Python37\Scripts;D:\Python\Python37;C:\Users\Pedro\AppData\Local\Programs\Python\Launcher;C:\Users\Pedro\AppData\Local\Microsoft\WindowsApps;D:\Java\IntelliJ IDEA Community Edition 2020.3.2\bin;C:\Users\Pedro\AppData\Local\GitHubDesktop\bin;D:\Microsoft VS Code\bin;C:\Users\Pedro\AppData\Local\Keybase;D:\Git\usr\bin\vendor_perl;D:\Git\usr\bin\core_perl;C:\Users\Pedro\bin\corda-cli\bin;C:\Users\Pedro\AppData\Local\Keybase\;C:\Users\Pedro\AppData\Local\Yarn\bin;C:\ProgramData\chocolatey\lib\mingw\tools\install\mingw64\bin;;%USERPROFILE%\AppData\Local\Microsoft\WindowsApps;."/>
    <property name="java.vm.info" value="mixed mode, sharing"/>
    <property name="stderr.encoding" value="Cp1252"/>
    <property name="java.vendor" value="Oracle Corporation"/>
    <property name="java.vm.version" value="21+35-jvmci-23.1-b15"/>
    <property name="sun.io.unicode.encoding" value="UnicodeLittle"/>
    <property name="java.class.version" value="65.0"/>
  </properties>
  <testcase name="dependency_injection_only_by_constructor" classname="br.com.sample.java.api.hero.architecure.tests.ArchitectureTest" time="0.34"/>
  <testcase name="dependency_cycle" classname="br.com.sample.java.api.hero.architecure.tests.ArchitectureTest" time="0.005"/>
  <testcase name="controllers_should_be_in_application_controller_package" classname="br.com.sample.java.api.hero.architecure.tests.rules.ApplicationRules" time="0.001"/>
  <testcase name="request_should_be_in_application_request_package" classname="br.com.sample.java.api.hero.architecure.tests.rules.ApplicationRules" time="0"/>
  <testcase name="response_should_be_in_application_response_package" classname="br.com.sample.java.api.hero.architecure.tests.rules.ApplicationRules" time="0"/>
  <testcase name="controller_should_be_annotated_with_rest_controller" classname="br.com.sample.java.api.hero.architecure.tests.rules.ApplicationRules" time="0"/>
  <testcase name="request_and_response_should_be_implementes_serializable" classname="br.com.sample.java.api.hero.architecure.tests.rules.ApplicationRules" time="0"/>
  <testcase name="controller_should_be_only_public_methods" classname="br.com.sample.java.api.hero.architecure.tests.rules.ApplicationRules" time="0"/>
  <testcase name="request_should_be_to_dto_method" classname="br.com.sample.java.api.hero.architecure.tests.rules.ApplicationRules" time="0"/>
  <testcase name="response_should_be_from_dto_method" classname="br.com.sample.java.api.hero.architecure.tests.rules.ApplicationRules" time="0.001"/>
  <testcase name="controller_should_be_inject_only_service_impl_class" classname="br.com.sample.java.api.hero.architecure.tests.rules.ApplicationRules" time="0"/>
  <testcase name="controller_not_should_access_domain" classname="br.com.sample.java.api.hero.architecure.tests.rules.ApplicationRules" time="0"/>
  <testcase name="controllers_classes_should_be_named_x_controller" classname="br.com.sample.java.api.hero.architecure.tests.rules.ApplicationRules" time="0"/>
  <testcase name="request_classes_should_be_named_x_request" classname="br.com.sample.java.api.hero.architecure.tests.rules.ApplicationRules" time="0"/>
  <testcase name="request_classes_should_be_named_x_request" classname="br.com.sample.java.api.hero.architecure.tests.rules.ServiceRules" time="0.001"/>
  <testcase name="response_classes_should_be_named_x_response" classname="br.com.sample.java.api.hero.architecure.tests.rules.ApplicationRules" time="0.001"/>
  <testcase name="dtos_should_be_in_service_dto_package" classname="br.com.sample.java.api.hero.architecure.tests.rules.ServiceRules" time="0"/>
  <testcase name="service_should_be_in_service_package" classname="br.com.sample.java.api.hero.architecure.tests.rules.ServiceRules" time="0"/>
  <testcase name="service_impl_should_be_in_service_impl_package" classname="br.com.sample.java.api.hero.architecure.tests.rules.ServiceRules" time="0"/>
  <testcase name="service_impl_should_be_annotated_with_service" classname="br.com.sample.java.api.hero.architecure.tests.rules.ServiceRules" time="0"/>
  <testcase name="service_should_be_interfaces" classname="br.com.sample.java.api.hero.architecure.tests.rules.ServiceRules" time="0"/>
  <testcase name="dto_in_should_be_to_entity_method" classname="br.com.sample.java.api.hero.architecure.tests.rules.ServiceRules" time="0"/>
  <testcase name="dto_out_should_be_from_dto_method" classname="br.com.sample.java.api.hero.architecure.tests.rules.ServiceRules" time="0"/>
  <testcase name="entities_should_be_in_domain_entity_package" classname="br.com.sample.java.api.hero.architecure.tests.rules.DomainRules" time="0"/>
  <testcase name="entities_should_be_in_anotted_with_entity" classname="br.com.sample.java.api.hero.architecure.tests.rules.DomainRules" time="0"/>
  <testcase name="repository_should_be_in_contact_repository_package" classname="br.com.sample.java.api.hero.architecure.tests.rules.DomainRules" time="0"/>
  <testcase name="repositories_should_be_in_anotted_with_repository" classname="br.com.sample.java.api.hero.architecure.tests.rules.DomainRules" time="0"/>
  <testcase name="repository_should_be_interfaces_and_extends_jpa_repository" classname="br.com.sample.java.api.hero.architecure.tests.rules.DomainRules" time="0"/>
</testsuite>